<?xml version="1.0" encoding="UTF-8"?>
<!-- Generated by org.testng.reporters.JUnitXMLReporter -->
<testsuite ignored="0" hostname="Anush" failures="1" tests="1" name="Footer(failed)" time="24.778" errors="0" timestamp="15 May 2020 09:58:29 GMT">
  <testcase classname="Testcases.FooterLinks" name="footerLink" time="3.553">
    <failure type="java.net.MalformedURLException" message="no protocol: Columbus to Myrtle Beach">
      <![CDATA[java.net.MalformedURLException: no protocol: Columbus to Myrtle Beach
at java.base/java.net.URL.<init>(URL.java:672)
at java.base/java.net.URL.<init>(URL.java:568)
at java.base/java.net.URL.<init>(URL.java:515)
at Testcases.FooterLinks.verify(FooterLinks.java:35)
at Testcases.FooterLinks.footerLink(FooterLinks.java:31)
... Removed 25 stack frames]]>
    </failure>
  </testcase> <!-- footerLink -->
</testsuite> <!-- Footer(failed) -->
